dh_prep
dh_installdirs
dh_prep
dh_installdirs
dh_prep
dh_installdirs
dh_installdirs
dh_prep
dh_installdirs
dh_installdirs
dh_install
dh_installinit
dh_link
dh_strip
dh_compress
dh_fixperms
dh_installdeb
dh_prep
dh_installdirs
dh_installdirs
dh_install
dh_installinit
dh_link
dh_strip
dh_compress
dh_fixperms
dh_installdeb
dh_gencontrol
dh_builddeb
dh_builddeb
dh_prep
dh_installdirs
dh_installdirs
dh_install
dh_installinit
dh_link
dh_strip
dh_compress
dh_fixperms
dh_installdeb
dh_gencontrol
dh_builddeb
dh_builddeb
dh_prep
dh_installdirs
dh_installdirs
dh_install
dh_installinit
dh_link
dh_strip
dh_compress
dh_fixperms
dh_installdeb
dh_gencontrol
dh_builddeb
dh_builddeb
dh_prep
dh_installdirs
dh_installdirs
dh_install
dh_installinit
dh_link
dh_strip
dh_compress
dh_fixperms
dh_installdeb
dh_gencontrol
dh_builddeb
dh_builddeb
dh_prep
dh_installdirs
dh_installdirs
dh_install
dh_installinit
dh_link
dh_strip
dh_compress
dh_fixperms
dh_installdeb
dh_gencontrol
dh_builddeb
dh_builddeb
dh_prep
dh_installdirs
dh_installdirs
dh_install
dh_installinit
dh_link
dh_strip
dh_compress
dh_fixperms
dh_installdeb
dh_gencontrol
dh_builddeb
dh_builddeb
dh_prep
dh_installdirs
dh_installdirs
dh_install
dh_installinit
dh_link
dh_strip
dh_compress
dh_fixperms
dh_installdeb
dh_gencontrol
dh_builddeb
dh_builddeb
